[2023-02-03 16:32:56,104] DEBUG    MainThread   - Configuración de debug: {'version': 1, 'formatters': {'standard': {'comment_format': '[%(asctime)s] %(levelname)-8s %(name)-12s %(threadName)-12s - %(message)s', 'format': '[%(asctime)s] %(levelname)-8s %(threadName)-12s - %(message)s'}}, 'handlers': {'file': {'filename': '/home/jmrobles/Desarrollo/Python/Sttcast/timeinterval.log', 'level': 'DEBUG', 'class': 'logging.FileHandler', 'formatter': 'standard'}, 'stream': {'level': 'INFO', 'class': 'logging.StreamHandler', 'formatter': 'standard'}}, 'loggers': {'': {'handlers': ['file', 'stream'], 'level': 'DEBUG'}}}
[2023-02-03 16:54:48,242] DEBUG    MainThread   - Configuración de debug: {'version': 1, 'formatters': {'standard': {'comment_format': '[%(asctime)s] %(levelname)-8s %(name)-12s %(threadName)-12s - %(message)s', 'format': '[%(asctime)s] %(levelname)-8s %(threadName)-12s - %(message)s'}}, 'handlers': {'file': {'filename': '/home/jmrobles/Desarrollo/Python/Sttcast/timeinterval.log', 'level': 'DEBUG', 'class': 'logging.FileHandler', 'formatter': 'standard'}, 'stream': {'level': 'INFO', 'class': 'logging.StreamHandler', 'formatter': 'standard'}}, 'loggers': {'': {'handlers': ['file', 'stream'], 'level': 'DEBUG'}}}
[2023-02-03 16:55:11,645] DEBUG    MainThread   - Configuración de debug: {'version': 1, 'formatters': {'standard': {'comment_format': '[%(asctime)s] %(levelname)-8s %(name)-12s %(threadName)-12s - %(message)s', 'format': '[%(asctime)s] %(levelname)-8s %(threadName)-12s - %(message)s'}}, 'handlers': {'file': {'filename': '/home/jmrobles/Desarrollo/Python/Sttcast/timeinterval.log', 'level': 'DEBUG', 'class': 'logging.FileHandler', 'formatter': 'standard'}, 'stream': {'level': 'INFO', 'class': 'logging.StreamHandler', 'formatter': 'standard'}}, 'loggers': {'': {'handlers': ['file', 'stream'], 'level': 'DEBUG'}}}
[2023-02-03 16:57:45,605] DEBUG    MainThread   - Configuración de debug: {'version': 1, 'formatters': {'standard': {'comment_format': '[%(asctime)s] %(levelname)-8s %(name)-12s %(threadName)-12s - %(message)s', 'format': '[%(asctime)s] %(levelname)-8s %(threadName)-12s - %(message)s'}}, 'handlers': {'file': {'filename': '/home/jmrobles/Desarrollo/Python/Sttcast/timeinterval.log', 'level': 'DEBUG', 'class': 'logging.FileHandler', 'formatter': 'standard'}, 'stream': {'level': 'INFO', 'class': 'logging.StreamHandler', 'formatter': 'standard'}}, 'loggers': {'': {'handlers': ['file', 'stream'], 'level': 'DEBUG'}}}
[2023-02-03 16:57:45,605] INFO     MainThread   - seconds_str(7854.21) = 02:10:54.21
[2023-02-03 16:57:45,605] INFO     MainThread   - seconds_str(7854.21, with_dec=False) = 02:10:54
[2023-02-03 16:59:07,739] DEBUG    MainThread   - Configuración de debug: {'version': 1, 'formatters': {'standard': {'comment_format': '[%(asctime)s] %(levelname)-8s %(name)-12s %(threadName)-12s - %(message)s', 'format': '[%(asctime)s] %(levelname)-8s %(threadName)-12s - %(message)s'}}, 'handlers': {'file': {'filename': '/home/jmrobles/Desarrollo/Python/Sttcast/timeinterval.log', 'level': 'DEBUG', 'class': 'logging.FileHandler', 'formatter': 'standard'}, 'stream': {'level': 'INFO', 'class': 'logging.StreamHandler', 'formatter': 'standard'}}, 'loggers': {'': {'handlers': ['file', 'stream'], 'level': 'DEBUG'}}}
[2023-02-03 16:59:07,739] INFO     MainThread   - seconds_str(7854.21) = 02:10:54.21
[2023-02-03 16:59:07,740] INFO     MainThread   - seconds_str(7854.21, with_dec=False) = 02:10:54
[2023-02-03 16:59:07,740] INFO     MainThread   - t1 = [00:00:0.25 - 00:00:1.33]
[2023-02-03 16:59:07,740] INFO     MainThread   - t2.gap(t1) = 0.020000000000000018 . t2.offse(t1) == 1.1
[2023-02-03 17:00:51,456] DEBUG    MainThread   - Configuración de debug: {'version': 1, 'formatters': {'standard': {'comment_format': '[%(asctime)s] %(levelname)-8s %(name)-12s %(threadName)-12s - %(message)s', 'format': '[%(asctime)s] %(levelname)-8s %(threadName)-12s - %(message)s'}}, 'handlers': {'file': {'filename': '/home/jmrobles/Desarrollo/Python/Sttcast/timeinterval.log', 'level': 'DEBUG', 'class': 'logging.FileHandler', 'formatter': 'standard'}, 'stream': {'level': 'INFO', 'class': 'logging.StreamHandler', 'formatter': 'standard'}}, 'loggers': {'': {'handlers': ['file', 'stream'], 'level': 'DEBUG'}}}
[2023-02-03 17:00:51,456] INFO     MainThread   - seconds_str(7854.21) = 02:10:54.21
[2023-02-03 17:00:51,457] INFO     MainThread   - seconds_str(7854.21, with_dec=False) = 02:10:54
[2023-02-03 17:00:51,457] INFO     MainThread   - t1 = [00:00:0.25 - 00:00:1.33]
[2023-02-03 17:00:51,457] INFO     MainThread   - t2.gap(t1) = 0.020000 . t2.offse(t1) == 1.10
[2023-02-03 17:01:03,143] DEBUG    MainThread   - Configuración de debug: {'version': 1, 'formatters': {'standard': {'comment_format': '[%(asctime)s] %(levelname)-8s %(name)-12s %(threadName)-12s - %(message)s', 'format': '[%(asctime)s] %(levelname)-8s %(threadName)-12s - %(message)s'}}, 'handlers': {'file': {'filename': '/home/jmrobles/Desarrollo/Python/Sttcast/timeinterval.log', 'level': 'DEBUG', 'class': 'logging.FileHandler', 'formatter': 'standard'}, 'stream': {'level': 'INFO', 'class': 'logging.StreamHandler', 'formatter': 'standard'}}, 'loggers': {'': {'handlers': ['file', 'stream'], 'level': 'DEBUG'}}}
[2023-02-03 17:01:03,143] INFO     MainThread   - seconds_str(7854.21) = 02:10:54.21
[2023-02-03 17:01:03,143] INFO     MainThread   - seconds_str(7854.21, with_dec=False) = 02:10:54
[2023-02-03 17:01:03,144] INFO     MainThread   - t1 = [00:00:0.25 - 00:00:1.33]
[2023-02-03 17:01:03,144] INFO     MainThread   - t2.gap(t1) = 0.02 . t2.offse(t1) == 1.10
[2023-02-03 17:02:32,410] DEBUG    MainThread   - Configuración de debug: {'version': 1, 'formatters': {'standard': {'comment_format': '[%(asctime)s] %(levelname)-8s %(name)-12s %(threadName)-12s - %(message)s', 'format': '[%(asctime)s] %(levelname)-8s %(threadName)-12s - %(message)s'}}, 'handlers': {'file': {'filename': '/home/jmrobles/Desarrollo/Python/Sttcast/timeinterval.log', 'level': 'DEBUG', 'class': 'logging.FileHandler', 'formatter': 'standard'}, 'stream': {'level': 'INFO', 'class': 'logging.StreamHandler', 'formatter': 'standard'}}, 'loggers': {'': {'handlers': ['file', 'stream'], 'level': 'DEBUG'}}}
[2023-02-03 17:02:32,410] INFO     MainThread   - seconds_str(7854.21) = 02:10:54.21
[2023-02-03 17:02:32,411] INFO     MainThread   - seconds_str(7854.21, with_dec=False) = 02:10:54.21
[2023-02-03 17:02:32,411] INFO     MainThread   - t1 = [00:00:0.25 - 00:00:1.33]
[2023-02-03 17:02:32,411] INFO     MainThread   - t2.gap(t1) = 0.02 . t2.offse(t1) == 1.10
[2023-02-03 17:04:43,322] DEBUG    MainThread   - Configuración de debug: {'version': 1, 'formatters': {'standard': {'comment_format': '[%(asctime)s] %(levelname)-8s %(name)-12s %(threadName)-12s - %(message)s', 'format': '[%(asctime)s] %(levelname)-8s %(threadName)-12s - %(message)s'}}, 'handlers': {'file': {'filename': '/home/jmrobles/Desarrollo/Python/Sttcast/timeinterval.log', 'level': 'DEBUG', 'class': 'logging.FileHandler', 'formatter': 'standard'}, 'stream': {'level': 'INFO', 'class': 'logging.StreamHandler', 'formatter': 'standard'}}, 'loggers': {'': {'handlers': ['file', 'stream'], 'level': 'DEBUG'}}}
[2023-02-03 17:04:43,322] INFO     MainThread   - seconds_str(7854.21) = 02:10:54.21
[2023-02-03 17:04:43,323] INFO     MainThread   - seconds_str(7854.21, with_dec=False) = 02:10:54.21
[2023-02-03 17:04:43,323] INFO     MainThread   - t1 = [00:00:00.25 - 00:00:01.33]
[2023-02-03 17:04:43,323] INFO     MainThread   - t2.gap(t1) = 0.02 . t2.offse(t1) == 1.10
[2023-02-03 17:05:25,743] DEBUG    MainThread   - Configuración de debug: {'version': 1, 'formatters': {'standard': {'comment_format': '[%(asctime)s] %(levelname)-8s %(name)-12s %(threadName)-12s - %(message)s', 'format': '[%(asctime)s] %(levelname)-8s %(threadName)-12s - %(message)s'}}, 'handlers': {'file': {'filename': '/home/jmrobles/Desarrollo/Python/Sttcast/timeinterval.log', 'level': 'DEBUG', 'class': 'logging.FileHandler', 'formatter': 'standard'}, 'stream': {'level': 'INFO', 'class': 'logging.StreamHandler', 'formatter': 'standard'}}, 'loggers': {'': {'handlers': ['file', 'stream'], 'level': 'DEBUG'}}}
[2023-02-03 17:05:25,744] INFO     MainThread   - seconds_str(7854.21) = 02:10:54.21
[2023-02-03 17:05:25,745] INFO     MainThread   - seconds_str(7854.21, with_dec=False) = 02:10:54
[2023-02-03 17:05:25,745] INFO     MainThread   - t1 = [00:00:00.25 - 00:00:01.33]
[2023-02-03 17:05:25,745] INFO     MainThread   - t2.gap(t1) = 0.02 . t2.offse(t1) == 1.10
[2023-02-04 07:40:13,636] DEBUG    MainThread   - Configuración de debug: {'version': 1, 'formatters': {'standard': {'comment_format': '[%(asctime)s] %(levelname)-8s %(name)-12s %(threadName)-12s - %(message)s', 'format': '[%(asctime)s] %(levelname)-8s %(threadName)-12s - %(message)s'}}, 'handlers': {'file': {'filename': '/home/jmrobles/Desarrollo/Python/Sttcast/timeinterval.log', 'level': 'DEBUG', 'class': 'logging.FileHandler', 'formatter': 'standard'}, 'stream': {'level': 'INFO', 'class': 'logging.StreamHandler', 'formatter': 'standard'}}, 'loggers': {'': {'handlers': ['file', 'stream'], 'level': 'DEBUG'}}}
[2023-02-04 07:40:13,637] INFO     MainThread   - seconds_str(7854.21) = 02:10:54.21
[2023-02-04 07:40:13,637] INFO     MainThread   - seconds_str(7854.21, with_dec=False) = 02:10:54
[2023-02-04 07:40:13,637] INFO     MainThread   - t1 = [00:00:00.25 - 00:00:01.33]
[2023-02-04 07:40:13,638] INFO     MainThread   - t2.gap(t1) = 0.02 . t2.offse(t1) == 1.10
